<?xml version="1.0" encoding="UTF-8"?>
<testsuite xmlns:xsi="http://www.w3.org/2001/XMLSchema-instance" xsi:noNamespaceSchemaLocation="https://maven.apache.org/surefire/maven-surefire-plugin/xsd/surefire-test-report-3.0.xsd" version="3.0" name="com.example.video_store.VideoStoreApplicationTests" time="3.786" tests="1" errors="0" skipped="0" failures="0">
  <properties>
[...]
</properties>
  <testcase name="contextLoads" classname="com.example.video_store.VideoStoreApplicationTests" time="0.72">
    <system-out><![CDATA[22:44:11.625 [main] INFO org.springframework.test.context.support.AnnotationConfigContextLoaderUtils -- Could not detect default configuration classes for test class [com.example.video_store.VideoStoreApplicationTests]: VideoStoreApplicationTests does not declare any static, non-private, non-final, nested classes annotated with @Configuration.
22:44:11.730 [main] INFO org.springframework.boot.test.context.SpringBootTestContextBootstrapper -- Found @SpringBootConfiguration com.example.video_store.VideoStoreApplication for test class com.example.video_store.VideoStoreApplicationTests

  .   ____          _            __ _ _
 /\\ / ___'_ __ _ _(_)_ __  __ _ \ \ \ \
( ( )\___ | '_ | '_| | '_ \/ _` | \ \ \ \
 \\/  ___)| |_)| | | | | || (_| |  ) ) ) )
  '  |____| .__|_| |_|_| |_\__, | / / / /
 =========|_|==============|___/=/_/_/_/

 :: Spring Boot ::                (v3.3.2)

2024-07-31T22:44:12.113-04:00  INFO 10384 --- [           main] c.e.v.VideoStoreApplicationTests         : Starting VideoStoreApplicationTests using Java 21.0.4 with PID 10384 (started by MujLo in C:\Users\MujLo\OneDrive\سطح المكتب\video-store-backend 3\video-store-backend)
2024-07-31T22:44:12.115-04:00  INFO 10384 --- [           main] c.e.v.VideoStoreApplicationTests         : No active profile set, falling back to 1 default profile: "default"
2024-07-31T22:44:12.690-04:00  INFO 10384 --- [           main] .s.d.r.c.RepositoryConfigurationDelegate : Bootstrapping Spring Data Reactive MongoDB repositories in DEFAULT mode.
2024-07-31T22:44:12.804-04:00  INFO 10384 --- [           main] .s.d.r.c.RepositoryConfigurationDelegate : Finished Spring Data repository scanning in 110 ms. Found 0 Reactive MongoDB repository interfaces.
2024-07-31T22:44:12.810-04:00  INFO 10384 --- [           main] .s.d.r.c.RepositoryConfigurationDelegate : Bootstrapping Spring Data MongoDB repositories in DEFAULT mode.
2024-07-31T22:44:12.832-04:00  INFO 10384 --- [           main] .s.d.r.c.RepositoryConfigurationDelegate : Finished Spring Data repository scanning in 21 ms. Found 3 MongoDB repository interfaces.
2024-07-31T22:44:13.312-04:00  INFO 10384 --- [           main] org.mongodb.driver.client                : MongoClient with metadata {"driver": {"name": "mongo-java-driver|sync|spring-boot", "version": "5.0.1"}, "os": {"type": "Windows", "name": "Windows 10", "architecture": "amd64", "version": "10.0"}, "platform": "Java/Eclipse Adoptium/21.0.4+7-LTS"} created with settings MongoClientSettings{readPreference=primary, writeConcern=WriteConcern{w=majority, wTimeout=null ms, journal=null}, retryWrites=true, retryReads=true, readConcern=ReadConcern{level=null}, credential=MongoCredential{mechanism=null, userName='mujtabamft', source='admin', password=<hidden>, mechanismProperties=<hidden>}, transportSettings=null, commandListeners=[], codecRegistry=ProvidersCodecRegistry{codecProviders=[ValueCodecProvider{}, BsonValueCodecProvider{}, DBRefCodecProvider{}, DBObjectCodecProvider{}, DocumentCodecProvider{}, CollectionCodecProvider{}, IterableCodecProvider{}, MapCodecProvider{}, GeoJsonCodecProvider{}, GridFSFileCodecProvider{}, Jsr310CodecProvider{}, JsonObjectCodecProvider{}, BsonCodecProvider{}, EnumCodecProvider{}, com.mongodb.client.model.mql.ExpressionCodecProvider@5e593b08, com.mongodb.Jep395RecordCodecProvider@3946075, com.mongodb.KotlinCodecProvider@122635ef]}, loggerSettings=LoggerSettings{maxDocumentLength=1000}, clusterSettings={hosts=[127.0.0.1:27017], srvHost=videostore.7szwdag.mongodb.net, srvServiceName=mongodb, mode=MULTIPLE, requiredClusterType=REPLICA_SET, requiredReplicaSetName='atlas-h9j9pc-shard-0', serverSelector='null', clusterListeners='[]', serverSelectionTimeout='30000 ms', localThreshold='15 ms'}, socketSettings=SocketSettings{connectTimeoutMS=10000, readTimeoutMS=0, receiveBufferSize=0, proxySettings=ProxySettings{host=null, port=null, username=null, password=null}}, heartbeatSocketSettings=SocketSettings{connectTimeoutMS=10000, readTimeoutMS=10000, receiveBufferSize=0, proxySettings=ProxySettings{host=null, port=null, username=null, password=null}}, connectionPoolSettings=ConnectionPoolSettings{maxSize=100, minSize=0, maxWaitTimeMS=120000, maxConnectionLifeTimeMS=0, maxConnectionIdleTimeMS=0, maintenanceInitialDelayMS=0, maintenanceFrequencyMS=60000, connectionPoolListeners=[], maxConnecting=2}, serverSettings=ServerSettings{heartbeatFrequencyMS=10000, minHeartbeatFrequencyMS=500, serverListeners='[]', serverMonitorListeners='[]'}, sslSettings=SslSettings{enabled=true, invalidHostNameAllowed=false, context=null}, applicationName='null', compressorList=[], uuidRepresentation=JAVA_LEGACY, serverApi=null, autoEncryptionSettings=null, dnsClient=null, inetAddressResolver=null, contextProvider=null}
2024-07-31T22:44:13.329-04:00  INFO 10384 --- [dag.mongodb.net] org.mongodb.driver.cluster               : Adding discovered server ac-8xs3tfb-shard-00-02.7szwdag.mongodb.net:27017 to client view of cluster
2024-07-31T22:44:13.355-04:00  INFO 10384 --- [dag.mongodb.net] org.mongodb.driver.cluster               : Adding discovered server ac-8xs3tfb-shard-00-01.7szwdag.mongodb.net:27017 to client view of cluster
2024-07-31T22:44:13.357-04:00  INFO 10384 --- [dag.mongodb.net] org.mongodb.driver.cluster               : Adding discovered server ac-8xs3tfb-shard-00-00.7szwdag.mongodb.net:27017 to client view of cluster
2024-07-31T22:44:13.833-04:00  WARN 10384 --- [           main] .s.s.UserDetailsServiceAutoConfiguration : 

Using generated security password: f8f4fca3-45ff-4ba7-ae0d-fd0c3dceff61

This generated password is for development use only. Your security configuration must be updated before running your application in production.

2024-07-31T22:44:13.856-04:00  INFO 10384 --- [           main] r$InitializeUserDetailsManagerConfigurer : Global AuthenticationManager configured with UserDetailsService bean with name inMemoryUserDetailsManager
2024-07-31T22:44:13.999-04:00  INFO 10384 --- [ngodb.net:27017] org.mongodb.driver.cluster               : Monitor thread successfully connected to server with description ServerDescription{address=ac-8xs3tfb-shard-00-00.7szwdag.mongodb.net:27017, type=REPLICA_SET_SECONDARY, state=CONNECTED, ok=true, minWireVersion=0, maxWireVersion=21, maxDocumentSize=16777216, logicalSessionTimeoutMinutes=30, roundTripTimeNanos=401590399, setName='atlas-h9j9pc-shard-0', canonicalAddress=ac-8xs3tfb-shard-00-00.7szwdag.mongodb.net:27017, hosts=[ac-8xs3tfb-shard-00-00.7szwdag.mongodb.net:27017, ac-8xs3tfb-shard-00-01.7szwdag.mongodb.net:27017, ac-8xs3tfb-shard-00-02.7szwdag.mongodb.net:27017], passives=[], arbiters=[], primary='ac-8xs3tfb-shard-00-02.7szwdag.mongodb.net:27017', tagSet=TagSet{[Tag{name='availabilityZone', value='usw2-az2'}, Tag{name='diskState', value='READY'}, Tag{name='nodeType', value='ELECTABLE'}, Tag{name='provider', value='AWS'}, Tag{name='region', value='US_WEST_2'}, Tag{name='workloadType', value='OPERATIONAL'}]}, electionId=null, setVersion=24, topologyVersion=TopologyVersion{processId=668ee88f044113dec51307bc, counter=4}, lastWriteDate=Wed Jul 31 22:44:13 EDT 2024, lastUpdateTimeNanos=537919177577100}
2024-07-31T22:44:13.999-04:00  INFO 10384 --- [ngodb.net:27017] org.mongodb.driver.cluster               : Monitor thread successfully connected to server with description ServerDescription{address=ac-8xs3tfb-shard-00-01.7szwdag.mongodb.net:27017, type=REPLICA_SET_SECONDARY, state=CONNECTED, ok=true, minWireVersion=0, maxWireVersion=21, maxDocumentSize=16777216, logicalSessionTimeoutMinutes=30, roundTripTimeNanos=401728600, setName='atlas-h9j9pc-shard-0', canonicalAddress=ac-8xs3tfb-shard-00-01.7szwdag.mongodb.net:27017, hosts=[ac-8xs3tfb-shard-00-00.7szwdag.mongodb.net:27017, ac-8xs3tfb-shard-00-01.7szwdag.mongodb.net:27017, ac-8xs3tfb-shard-00-02.7szwdag.mongodb.net:27017], passives=[], arbiters=[], primary='ac-8xs3tfb-shard-00-02.7szwdag.mongodb.net:27017', tagSet=TagSet{[Tag{name='availabilityZone', value='usw2-az1'}, Tag{name='diskState', value='READY'}, Tag{name='nodeType', value='ELECTABLE'}, Tag{name='provider', value='AWS'}, Tag{name='region', value='US_WEST_2'}, Tag{name='workloadType', value='OPERATIONAL'}]}, electionId=null, setVersion=24, topologyVersion=TopologyVersion{processId=668ee93761b42421b9f105c6, counter=3}, lastWriteDate=Wed Jul 31 22:44:13 EDT 2024, lastUpdateTimeNanos=537919177735000}
2024-07-31T22:44:13.999-04:00  INFO 10384 --- [ngodb.net:27017] org.mongodb.driver.cluster               : Monitor thread successfully connected to server with description ServerDescription{address=ac-8xs3tfb-shard-00-02.7szwdag.mongodb.net:27017, type=REPLICA_SET_PRIMARY, state=CONNECTED, ok=true, minWireVersion=0, maxWireVersion=21, maxDocumentSize=16777216, logicalSessionTimeoutMinutes=30, roundTripTimeNanos=402111700, setName='atlas-h9j9pc-shard-0', canonicalAddress=ac-8xs3tfb-shard-00-02.7szwdag.mongodb.net:27017, hosts=[ac-8xs3tfb-shard-00-00.7szwdag.mongodb.net:27017, ac-8xs3tfb-shard-00-01.7szwdag.mongodb.net:27017, ac-8xs3tfb-shard-00-02.7szwdag.mongodb.net:27017], passives=[], arbiters=[], primary='ac-8xs3tfb-shard-00-02.7szwdag.mongodb.net:27017', tagSet=TagSet{[Tag{name='availabilityZone', value='usw2-az3'}, Tag{name='diskState', value='READY'}, Tag{name='nodeType', value='ELECTABLE'}, Tag{name='provider', value='AWS'}, Tag{name='region', value='US_WEST_2'}, Tag{name='workloadType', value='OPERATIONAL'}]}, electionId=7fffffff00000000000000c6, setVersion=24, topologyVersion=TopologyVersion{processId=668ee8e376f04b162290eadf, counter=6}, lastWriteDate=Wed Jul 31 22:44:13 EDT 2024, lastUpdateTimeNanos=537919178094700}
2024-07-31T22:44:14.003-04:00  INFO 10384 --- [ngodb.net:27017] org.mongodb.driver.cluster               : Discovered replica set primary ac-8xs3tfb-shard-00-02.7szwdag.mongodb.net:27017 with max election id 7fffffff00000000000000c6 and max set version 24
2024-07-31T22:44:14.416-04:00  INFO 10384 --- [dag.mongodb.net] org.mongodb.driver.cluster               : Adding discovered server ac-8xs3tfb-shard-00-02.7szwdag.mongodb.net:27017 to client view of cluster
2024-07-31T22:44:14.417-04:00  INFO 10384 --- [           main] org.mongodb.driver.client                : MongoClient with metadata {"driver": {"name": "mongo-java-driver|reactive-streams|spring-boot", "version": "5.0.1"}, "os": {"type": "Windows", "name": "Windows 10", "architecture": "amd64", "version": "10.0"}, "platform": "Java/Eclipse Adoptium/21.0.4+7-LTS"} created with settings MongoClientSettings{readPreference=primary, writeConcern=WriteConcern{w=majority, wTimeout=null ms, journal=null}, retryWrites=true, retryReads=true, readConcern=ReadConcern{level=null}, credential=MongoCredential{mechanism=null, userName='mujtabamft', source='admin', password=<hidden>, mechanismProperties=<hidden>}, transportSettings=null, commandListeners=[], codecRegistry=ProvidersCodecRegistry{codecProviders=[ValueCodecProvider{}, BsonValueCodecProvider{}, DBRefCodecProvider{}, DBObjectCodecProvider{}, DocumentCodecProvider{}, CollectionCodecProvider{}, IterableCodecProvider{}, MapCodecProvider{}, GeoJsonCodecProvider{}, GridFSFileCodecProvider{}, Jsr310CodecProvider{}, JsonObjectCodecProvider{}, BsonCodecProvider{}, EnumCodecProvider{}, com.mongodb.client.model.mql.ExpressionCodecProvider@5e593b08, com.mongodb.Jep395RecordCodecProvider@3946075, com.mongodb.KotlinCodecProvider@122635ef]}, loggerSettings=LoggerSettings{maxDocumentLength=1000}, clusterSettings={hosts=[127.0.0.1:27017], srvHost=videostore.7szwdag.mongodb.net, srvServiceName=mongodb, mode=MULTIPLE, requiredClusterType=REPLICA_SET, requiredReplicaSetName='atlas-h9j9pc-shard-0', serverSelector='null', clusterListeners='[]', serverSelectionTimeout='30000 ms', localThreshold='15 ms'}, socketSettings=SocketSettings{connectTimeoutMS=10000, readTimeoutMS=0, receiveBufferSize=0, proxySettings=ProxySettings{host=null, port=null, username=null, password=null}}, heartbeatSocketSettings=SocketSettings{connectTimeoutMS=10000, readTimeoutMS=10000, receiveBufferSize=0, proxySettings=ProxySettings{host=null, port=null, username=null, password=null}}, connectionPoolSettings=ConnectionPoolSettings{maxSize=100, minSize=0, maxWaitTimeMS=120000, maxConnectionLifeTimeMS=0, maxConnectionIdleTimeMS=0, maintenanceInitialDelayMS=0, maintenanceFrequencyMS=60000, connectionPoolListeners=[], maxConnecting=2}, serverSettings=ServerSettings{heartbeatFrequencyMS=10000, minHeartbeatFrequencyMS=500, serverListeners='[]', serverMonitorListeners='[]'}, sslSettings=SslSettings{enabled=true, invalidHostNameAllowed=false, context=null}, applicationName='null', compressorList=[], uuidRepresentation=JAVA_LEGACY, serverApi=null, autoEncryptionSettings=null, dnsClient=null, inetAddressResolver=null, contextProvider=null}
2024-07-31T22:44:14.419-04:00  INFO 10384 --- [dag.mongodb.net] org.mongodb.driver.cluster               : Adding discovered server ac-8xs3tfb-shard-00-01.7szwdag.mongodb.net:27017 to client view of cluster
2024-07-31T22:44:14.421-04:00  INFO 10384 --- [dag.mongodb.net] org.mongodb.driver.cluster               : Adding discovered server ac-8xs3tfb-shard-00-00.7szwdag.mongodb.net:27017 to client view of cluster
2024-07-31T22:44:14.506-04:00  INFO 10384 --- [           main] c.e.v.VideoStoreApplicationTests         : Started VideoStoreApplicationTests in 2.626 seconds (process running for 3.527)
2024-07-31T22:44:14.654-04:00  INFO 10384 --- [ngodb.net:27017] org.mongodb.driver.cluster               : Monitor thread successfully connected to server with description ServerDescription{address=ac-8xs3tfb-shard-00-02.7szwdag.mongodb.net:27017, type=REPLICA_SET_PRIMARY, state=CONNECTED, ok=true, minWireVersion=0, maxWireVersion=21, maxDocumentSize=16777216, logicalSessionTimeoutMinutes=30, roundTripTimeNanos=152719100, setName='atlas-h9j9pc-shard-0', canonicalAddress=ac-8xs3tfb-shard-00-02.7szwdag.mongodb.net:27017, hosts=[ac-8xs3tfb-shard-00-00.7szwdag.mongodb.net:27017, ac-8xs3tfb-shard-00-01.7szwdag.mongodb.net:27017, ac-8xs3tfb-shard-00-02.7szwdag.mongodb.net:27017], passives=[], arbiters=[], primary='ac-8xs3tfb-shard-00-02.7szwdag.mongodb.net:27017', tagSet=TagSet{[Tag{name='availabilityZone', value='usw2-az3'}, Tag{name='diskState', value='READY'}, Tag{name='nodeType', value='ELECTABLE'}, Tag{name='provider', value='AWS'}, Tag{name='region', value='US_WEST_2'}, Tag{name='workloadType', value='OPERATIONAL'}]}, electionId=7fffffff00000000000000c6, setVersion=24, topologyVersion=TopologyVersion{processId=668ee8e376f04b162290eadf, counter=6}, lastWriteDate=Wed Jul 31 22:44:14 EDT 2024, lastUpdateTimeNanos=537919835028799}
2024-07-31T22:44:14.654-04:00  INFO 10384 --- [ngodb.net:27017] org.mongodb.driver.cluster               : Discovered replica set primary ac-8xs3tfb-shard-00-02.7szwdag.mongodb.net:27017 with max election id 7fffffff00000000000000c6 and max set version 24
2024-07-31T22:44:14.664-04:00  INFO 10384 --- [ngodb.net:27017] org.mongodb.driver.cluster               : Monitor thread successfully connected to server with description ServerDescription{address=ac-8xs3tfb-shard-00-00.7szwdag.mongodb.net:27017, type=REPLICA_SET_SECONDARY, state=CONNECTED, ok=true, minWireVersion=0, maxWireVersion=21, maxDocumentSize=16777216, logicalSessionTimeoutMinutes=30, roundTripTimeNanos=162387800, setName='atlas-h9j9pc-shard-0', canonicalAddress=ac-8xs3tfb-shard-00-00.7szwdag.mongodb.net:27017, hosts=[ac-8xs3tfb-shard-00-00.7szwdag.mongodb.net:27017, ac-8xs3tfb-shard-00-01.7szwdag.mongodb.net:27017, ac-8xs3tfb-shard-00-02.7szwdag.mongodb.net:27017], passives=[], arbiters=[], primary='ac-8xs3tfb-shard-00-02.7szwdag.mongodb.net:27017', tagSet=TagSet{[Tag{name='availabilityZone', value='usw2-az2'}, Tag{name='diskState', value='READY'}, Tag{name='nodeType', value='ELECTABLE'}, Tag{name='provider', value='AWS'}, Tag{name='region', value='US_WEST_2'}, Tag{name='workloadType', value='OPERATIONAL'}]}, electionId=null, setVersion=24, topologyVersion=TopologyVersion{processId=668ee88f044113dec51307bc, counter=4}, lastWriteDate=Wed Jul 31 22:44:14 EDT 2024, lastUpdateTimeNanos=537919844845099}
2024-07-31T22:44:14.685-04:00  INFO 10384 --- [ngodb.net:27017] org.mongodb.driver.cluster               : Monitor thread successfully connected to server with description ServerDescription{address=ac-8xs3tfb-shard-00-01.7szwdag.mongodb.net:27017, type=REPLICA_SET_SECONDARY, state=CONNECTED, ok=true, minWireVersion=0, maxWireVersion=21, maxDocumentSize=16777216, logicalSessionTimeoutMinutes=30, roundTripTimeNanos=182928399, setName='atlas-h9j9pc-shard-0', canonicalAddress=ac-8xs3tfb-shard-00-01.7szwdag.mongodb.net:27017, hosts=[ac-8xs3tfb-shard-00-00.7szwdag.mongodb.net:27017, ac-8xs3tfb-shard-00-01.7szwdag.mongodb.net:27017, ac-8xs3tfb-shard-00-02.7szwdag.mongodb.net:27017], passives=[], arbiters=[], primary='ac-8xs3tfb-shard-00-02.7szwdag.mongodb.net:27017', tagSet=TagSet{[Tag{name='availabilityZone', value='usw2-az1'}, Tag{name='diskState', value='READY'}, Tag{name='nodeType', value='ELECTABLE'}, Tag{name='provider', value='AWS'}, Tag{name='region', value='US_WEST_2'}, Tag{name='workloadType', value='OPERATIONAL'}]}, electionId=null, setVersion=24, topologyVersion=TopologyVersion{processId=668ee93761b42421b9f105c6, counter=3}, lastWriteDate=Wed Jul 31 22:44:14 EDT 2024, lastUpdateTimeNanos=537919865718700}
]]></system-out>
    <system-err><![CDATA[WARNING: A Java agent has been loaded dynamically (C:\Users\MujLo\.m2\repository\net\bytebuddy\byte-buddy-agent\1.14.18\byte-buddy-agent-1.14.18.jar)
WARNING: If a serviceability tool is in use, please run with -XX:+EnableDynamicAgentLoading to hide this warning
WARNING: If a serviceability tool is not in use, please run with -Djdk.instrument.traceUsage for more information
WARNING: Dynamic loading of agents will be disallowed by default in a future release
]]></system-err>
  </testcase>
</testsuite>